<?xml version="1.0" encoding="UTF-8" ?>
<testsuites>
  <testsuite errors="0" failures="0" hostname="Rutujas-MacBook-Pro.local" id="0" name="Debt_CalculationTest" package="package_src" skipped="0" tests="2" time="0.226" timestamp="2024-01-17T20:36:16">
      <properties>
[...]
</properties>

      <testcase classname="package_src.Debt_CalculationTest" name="testMonthly_amount" time="0.006" />

      <testcase classname="package_src.Debt_CalculationTest" name="testTotal_amount" time="0.0" />

      <system-out><![CDATA[]]></system-out>

      <system-err><![CDATA[]]></system-err>

  </testsuite>
</testsuites>
